<?xml version="1.0" encoding="UTF-8"?>
<testsuite xmlns:xsi="http://www.w3.org/2001/XMLSchema-instance" xsi:noNamespaceSchemaLocation="https://maven.apache.org/surefire/maven-surefire-plugin/xsd/surefire-test-report-3.0.xsd" version="3.0" name="com.solventum.shortlink.controller.ConcurrencyControlTest" time="1.6" tests="4" errors="0" skipped="0" failures="2">
  <properties>
[...]
</properties>
  <testcase name="testHealthAndStatsNotAffectedByConcurrencyLimit" classname="com.solventum.shortlink.controller.ConcurrencyControlTest" time="0.129">
    <system-out><![CDATA[2025-05-20 17:14:25 [main] INFO  o.s.t.c.s.AnnotationConfigContextLoaderUtils - Could not detect default configuration classes for test class [com.solventum.shortlink.controller.ConcurrencyControlTest]: ConcurrencyControlTest does not declare any static, non-private, non-final, nested classes annotated with @Configuration.
2025-05-20 17:14:25 [main] INFO  o.s.b.t.c.SpringBootTestContextBootstrapper - Found @SpringBootConfiguration com.solventum.shortlink.ShortlinkApplication for test class com.solventum.shortlink.controller.ConcurrencyControlTest

  .   ____          _            __ _ _
 /\\ / ___'_ __ _ _(_)_ __  __ _ \ \ \ \
( ( )\___ | '_ | '_| | '_ \/ _` | \ \ \ \
 \\/  ___)| |_)| | | | | || (_| |  ) ) ) )
  '  |____| .__|_| |_|_| |_\__, | / / / /
 =========|_|==============|___/=/_/_/_/
&amp#27;[32m :: Spring Boot :: &amp#27;[39m              &amp#27;[2m (v3.2.1)&amp#27;[0;39m

2025-05-20 17:14:25 [main] INFO  c.s.s.c.ConcurrencyControlTest - Starting ConcurrencyControlTest using Java 23.0.2 with PID 64173 (started by brianlane in /Users/brianlane/solventum/shortlink-service)
2025-05-20 17:14:25 [main] DEBUG c.s.s.c.ConcurrencyControlTest - Running with Spring Boot v3.2.1, Spring v6.1.2
2025-05-20 17:14:25 [main] INFO  c.s.s.c.ConcurrencyControlTest - No active profile set, falling back to 1 default profile: "default"
2025-05-20 17:14:26 [main] INFO  o.s.b.w.e.tomcat.TomcatWebServer - Tomcat initialized with port 0 (http)
2025-05-20 17:14:26 [main] INFO  o.a.catalina.core.StandardService - Starting service [Tomcat]
2025-05-20 17:14:26 [main] INFO  o.a.catalina.core.StandardEngine - Starting Servlet engine: [Apache Tomcat/10.1.17]
2025-05-20 17:14:26 [main] INFO  o.a.c.c.C.[Tomcat-1].[localhost].[/] - Initializing Spring embedded WebApplicationContext
2025-05-20 17:14:26 [main] INFO  o.s.b.w.s.c.ServletWebServerApplicationContext - Root WebApplicationContext: initialization completed in 748 ms
2025-05-20 17:14:26 [main] TRACE o.s.w.s.m.m.a.RequestMappingHandlerMapping - 
	c.s.s.c.ShortlinkController:
	{POST [/api/decode]}: decodeUrl(DecodeRequest)
	{POST [/api/encode]}: encodeUrl(EncodeRequest)
	{GET [/api/stats]}: getStats()
	{GET [/api/health]}: health()
2025-05-20 17:14:26 [main] TRACE o.s.w.s.m.m.a.RequestMappingHandlerMapping - 
	o.s.b.a.w.s.e.BasicErrorController:
	{ [/error]}: error(HttpServletRequest)
	{ [/error], produces [text/html]}: errorHtml(HttpServletRequest,HttpServletResponse)
2025-05-20 17:14:26 [main] DEBUG o.s.w.s.m.m.a.RequestMappingHandlerMapping - 6 mappings in 'requestMappingHandlerMapping'
2025-05-20 17:14:26 [main] INFO  o.s.b.a.e.web.EndpointLinksResolver - Exposing 3 endpoint(s) beneath base path '/actuator'
2025-05-20 17:14:26 [main] INFO  o.s.b.w.e.tomcat.TomcatWebServer - Tomcat started on port 64009 (http) with context path ''
2025-05-20 17:14:26 [main] INFO  c.s.s.c.ConcurrencyControlTest - Started ConcurrencyControlTest in 1.152 seconds (process running for 9.525)
2025-05-20 17:14:26 [http-nio-auto-2-exec-9] INFO  o.a.c.c.C.[Tomcat-1].[localhost].[/] - Initializing Spring DispatcherServlet 'dispatcherServlet'
2025-05-20 17:14:26 [http-nio-auto-2-exec-9] INFO  o.s.web.servlet.DispatcherServlet - Initializing Servlet 'dispatcherServlet'
2025-05-20 17:14:26 [http-nio-auto-2-exec-9] INFO  o.s.web.servlet.DispatcherServlet - Completed initialization in 1 ms
2025-05-20 17:14:26 [http-nio-auto-2-exec-4] TRACE o.s.w.s.m.m.a.RequestMappingHandlerMapping - Mapped to com.solventum.shortlink.controller.ShortlinkController#health()
2025-05-20 17:14:26 [http-nio-auto-2-exec-2] TRACE o.s.w.s.m.m.a.RequestMappingHandlerMapping - Mapped to com.solventum.shortlink.controller.ShortlinkController#health()
2025-05-20 17:14:26 [http-nio-auto-2-exec-5] TRACE o.s.w.s.m.m.a.RequestMappingHandlerMapping - Mapped to com.solventum.shortlink.controller.ShortlinkController#health()
2025-05-20 17:14:26 [http-nio-auto-2-exec-7] TRACE o.s.w.s.m.m.a.RequestMappingHandlerMapping - Mapped to com.solventum.shortlink.controller.ShortlinkController#health()
2025-05-20 17:14:26 [http-nio-auto-2-exec-1] TRACE o.s.w.s.m.m.a.RequestMappingHandlerMapping - Mapped to com.solventum.shortlink.controller.ShortlinkController#health()
2025-05-20 17:14:26 [http-nio-auto-2-exec-9] TRACE o.s.w.s.m.m.a.RequestMappingHandlerMapping - Mapped to com.solventum.shortlink.controller.ShortlinkController#health()
2025-05-20 17:14:26 [http-nio-auto-2-exec-6] TRACE o.s.w.s.m.m.a.RequestMappingHandlerMapping - Mapped to com.solventum.shortlink.controller.ShortlinkController#health()
2025-05-20 17:14:26 [http-nio-auto-2-exec-3] TRACE o.s.w.s.m.m.a.RequestMappingHandlerMapping - Mapped to com.solventum.shortlink.controller.ShortlinkController#health()
2025-05-20 17:14:26 [http-nio-auto-2-exec-8] TRACE o.s.w.s.m.m.a.RequestMappingHandlerMapping - Mapped to com.solventum.shortlink.controller.ShortlinkController#health()
2025-05-20 17:14:26 [http-nio-auto-2-exec-10] TRACE o.s.w.s.m.m.a.RequestMappingHandlerMapping - Mapped to com.solventum.shortlink.controller.ShortlinkController#health()
]]></system-out>
  </testcase>
  <testcase name="testConcurrencyLimitForDecode" classname="com.solventum.shortlink.controller.ConcurrencyControlTest" time="0.127">
    <failure message="Decode should also reject requests when limit exceeded ==&gt; expected: &lt;true&gt; but was: &lt;false&gt;" type="org.opentest4j.AssertionFailedError"><![CDATA[org.opentest4j.AssertionFailedError: Decode should also reject requests when limit exceeded ==> expected: <true> but was: <false>
	at org.junit.jupiter.api.AssertionFailureBuilder.build(AssertionFailureBuilder.java:151)
	at org.junit.jupiter.api.AssertionFailureBuilder.buildAndThrow(AssertionFailureBuilder.java:132)
	at org.junit.jupiter.api.AssertTrue.failNotTrue(AssertTrue.java:63)
	at org.junit.jupiter.api.AssertTrue.assertTrue(AssertTrue.java:36)
	at org.junit.jupiter.api.Assertions.assertTrue(Assertions.java:214)
	at com.solventum.shortlink.controller.ConcurrencyControlTest.testConcurrencyLimitForDecode(ConcurrencyControlTest.java:175)
	at java.base/java.lang.reflect.Method.invoke(Method.java:580)
	at java.base/java.util.ArrayList.forEach(ArrayList.java:1597)
	at java.base/java.util.ArrayList.forEach(ArrayList.java:1597)
]]></failure>
    <system-out><![CDATA[2025-05-20 17:14:26 [http-nio-auto-2-exec-4] TRACE o.s.w.s.m.m.a.RequestMappingHandlerMapping - Mapped to com.solventum.shortlink.controller.ShortlinkController#decodeUrl(DecodeRequest)
2025-05-20 17:14:26 [http-nio-auto-2-exec-1] TRACE o.s.w.s.m.m.a.RequestMappingHandlerMapping - Mapped to com.solventum.shortlink.controller.ShortlinkController#decodeUrl(DecodeRequest)
2025-05-20 17:14:26 [http-nio-auto-2-exec-8] TRACE o.s.w.s.m.m.a.RequestMappingHandlerMapping - Mapped to com.solventum.shortlink.controller.ShortlinkController#decodeUrl(DecodeRequest)
2025-05-20 17:14:26 [http-nio-auto-2-exec-7] TRACE o.s.w.s.m.m.a.RequestMappingHandlerMapping - Mapped to com.solventum.shortlink.controller.ShortlinkController#decodeUrl(DecodeRequest)
2025-05-20 17:14:26 [http-nio-auto-2-exec-6] TRACE o.s.w.s.m.m.a.RequestMappingHandlerMapping - Mapped to com.solventum.shortlink.controller.ShortlinkController#decodeUrl(DecodeRequest)
2025-05-20 17:14:26 [http-nio-auto-2-exec-3] TRACE o.s.w.s.m.m.a.RequestMappingHandlerMapping - Mapped to com.solventum.shortlink.controller.ShortlinkController#decodeUrl(DecodeRequest)
2025-05-20 17:14:26 [http-nio-auto-2-exec-2] TRACE o.s.w.s.m.m.a.RequestMappingHandlerMapping - Mapped to com.solventum.shortlink.controller.ShortlinkController#decodeUrl(DecodeRequest)
2025-05-20 17:14:26 [http-nio-auto-2-exec-5] TRACE o.s.w.s.m.m.a.RequestMappingHandlerMapping - Mapped to com.solventum.shortlink.controller.ShortlinkController#decodeUrl(DecodeRequest)
]]></system-out>
  </testcase>
  <testcase name="testSequentialRequestsAllSucceed" classname="com.solventum.shortlink.controller.ConcurrencyControlTest" time="0.062">
    <system-out><![CDATA[2025-05-20 17:14:26 [http-nio-auto-2-exec-1] TRACE o.s.w.s.m.m.a.RequestMappingHandlerMapping - Mapped to com.solventum.shortlink.controller.ShortlinkController#encodeUrl(EncodeRequest)
2025-05-20 17:14:26 [http-nio-auto-2-exec-4] TRACE o.s.w.s.m.m.a.RequestMappingHandlerMapping - Mapped to com.solventum.shortlink.controller.ShortlinkController#encodeUrl(EncodeRequest)
2025-05-20 17:14:26 [http-nio-auto-2-exec-8] TRACE o.s.w.s.m.m.a.RequestMappingHandlerMapping - Mapped to com.solventum.shortlink.controller.ShortlinkController#encodeUrl(EncodeRequest)
2025-05-20 17:14:26 [http-nio-auto-2-exec-7] TRACE o.s.w.s.m.m.a.RequestMappingHandlerMapping - Mapped to com.solventum.shortlink.controller.ShortlinkController#encodeUrl(EncodeRequest)
2025-05-20 17:14:26 [http-nio-auto-2-exec-6] TRACE o.s.w.s.m.m.a.RequestMappingHandlerMapping - Mapped to com.solventum.shortlink.controller.ShortlinkController#encodeUrl(EncodeRequest)
]]></system-out>
  </testcase>
  <testcase name="testConcurrencyLimitEnforce" classname="com.solventum.shortlink.controller.ConcurrencyControlTest" time="0.064">
    <failure message="Some requests should be rejected due to concurrency limit ==&gt; expected: &lt;true&gt; but was: &lt;false&gt;" type="org.opentest4j.AssertionFailedError"><![CDATA[org.opentest4j.AssertionFailedError: Some requests should be rejected due to concurrency limit ==> expected: <true> but was: <false>
	at org.junit.jupiter.api.AssertionFailureBuilder.build(AssertionFailureBuilder.java:151)
	at org.junit.jupiter.api.AssertionFailureBuilder.buildAndThrow(AssertionFailureBuilder.java:132)
	at org.junit.jupiter.api.AssertTrue.failNotTrue(AssertTrue.java:63)
	at org.junit.jupiter.api.AssertTrue.assertTrue(AssertTrue.java:36)
	at org.junit.jupiter.api.Assertions.assertTrue(Assertions.java:214)
	at com.solventum.shortlink.controller.ConcurrencyControlTest.testConcurrencyLimitEnforce(ConcurrencyControlTest.java:111)
	at java.base/java.lang.reflect.Method.invoke(Method.java:580)
	at java.base/java.util.ArrayList.forEach(ArrayList.java:1597)
	at java.base/java.util.ArrayList.forEach(ArrayList.java:1597)
]]></failure>
    <system-out><![CDATA[2025-05-20 17:14:26 [http-nio-auto-2-exec-9] TRACE o.s.w.s.m.m.a.RequestMappingHandlerMapping - Mapped to com.solventum.shortlink.controller.ShortlinkController#encodeUrl(EncodeRequest)
2025-05-20 17:14:26 [http-nio-auto-2-exec-2] TRACE o.s.w.s.m.m.a.RequestMappingHandlerMapping - Mapped to com.solventum.shortlink.controller.ShortlinkController#encodeUrl(EncodeRequest)
2025-05-20 17:14:26 [http-nio-auto-2-exec-10] TRACE o.s.w.s.m.m.a.RequestMappingHandlerMapping - Mapped to com.solventum.shortlink.controller.ShortlinkController#encodeUrl(EncodeRequest)
2025-05-20 17:14:26 [http-nio-auto-2-exec-1] TRACE o.s.w.s.m.m.a.RequestMappingHandlerMapping - Mapped to com.solventum.shortlink.controller.ShortlinkController#encodeUrl(EncodeRequest)
2025-05-20 17:14:26 [http-nio-auto-2-exec-5] TRACE o.s.w.s.m.m.a.RequestMappingHandlerMapping - Mapped to com.solventum.shortlink.controller.ShortlinkController#encodeUrl(EncodeRequest)
2025-05-20 17:14:26 [http-nio-auto-2-exec-3] TRACE o.s.w.s.m.m.a.RequestMappingHandlerMapping - Mapped to com.solventum.shortlink.controller.ShortlinkController#encodeUrl(EncodeRequest)
2025-05-20 17:14:26 [http-nio-auto-2-exec-7] TRACE o.s.w.s.m.m.a.RequestMappingHandlerMapping - Mapped to com.solventum.shortlink.controller.ShortlinkController#encodeUrl(EncodeRequest)
2025-05-20 17:14:26 [http-nio-auto-2-exec-6] TRACE o.s.w.s.m.m.a.RequestMappingHandlerMapping - Mapped to com.solventum.shortlink.controller.ShortlinkController#encodeUrl(EncodeRequest)
2025-05-20 17:14:26 [http-nio-auto-2-exec-8] TRACE o.s.w.s.m.m.a.RequestMappingHandlerMapping - Mapped to com.solventum.shortlink.controller.ShortlinkController#encodeUrl(EncodeRequest)
2025-05-20 17:14:26 [http-nio-auto-2-exec-4] TRACE o.s.w.s.m.m.a.RequestMappingHandlerMapping - Mapped to com.solventum.shortlink.controller.ShortlinkController#encodeUrl(EncodeRequest)
]]></system-out>
  </testcase>
</testsuite>