<?xml version="1.0" encoding="UTF-8"?>
<testsuite xmlns:xsi="http://www.w3.org/2001/XMLSchema-instance" xsi:noNamespaceSchemaLocation="https://maven.apache.org/surefire/maven-surefire-plugin/xsd/surefire-test-report-3.0.xsd" version="3.0" name="com.solventum.shortlink.controller.ConcurrencyControlTest" time="1.66" tests="4" errors="0" skipped="0" failures="0">
  <properties>
[...]
</properties>
  <testcase name="testHealthAndStatsNotAffectedByConcurrencyLimit" classname="com.solventum.shortlink.controller.ConcurrencyControlTest" time="0.127">
    <system-out><![CDATA[2025-05-20 17:23:03 [main] INFO  o.s.t.c.s.AnnotationConfigContextLoaderUtils - Could not detect default configuration classes for test class [com.solventum.shortlink.controller.ConcurrencyControlTest]: ConcurrencyControlTest does not declare any static, non-private, non-final, nested classes annotated with @Configuration.
2025-05-20 17:23:03 [main] INFO  o.s.b.t.c.SpringBootTestContextBootstrapper - Found @SpringBootConfiguration com.solventum.shortlink.ShortlinkApplication for test class com.solventum.shortlink.controller.ConcurrencyControlTest

  .   ____          _            __ _ _
 /\\ / ___'_ __ _ _(_)_ __  __ _ \ \ \ \
( ( )\___ | '_ | '_| | '_ \/ _` | \ \ \ \
 \\/  ___)| |_)| | | | | || (_| |  ) ) ) )
  '  |____| .__|_| |_|_| |_\__, | / / / /
 =========|_|==============|___/=/_/_/_/
&amp#27;[32m :: Spring Boot :: &amp#27;[39m              &amp#27;[2m (v3.2.1)&amp#27;[0;39m

2025-05-20 17:23:03 [main] INFO  c.s.s.c.ConcurrencyControlTest - Starting ConcurrencyControlTest using Java 23.0.2 with PID 69556 (started by brianlane in /Users/brianlane/solventum/shortlink-service)
2025-05-20 17:23:03 [main] DEBUG c.s.s.c.ConcurrencyControlTest - Running with Spring Boot v3.2.1, Spring v6.1.2
2025-05-20 17:23:03 [main] INFO  c.s.s.c.ConcurrencyControlTest - No active profile set, falling back to 1 default profile: "default"
2025-05-20 17:23:04 [main] INFO  o.s.b.w.e.tomcat.TomcatWebServer - Tomcat initialized with port 0 (http)
2025-05-20 17:23:04 [main] INFO  o.a.catalina.core.StandardService - Starting service [Tomcat]
2025-05-20 17:23:04 [main] INFO  o.a.catalina.core.StandardEngine - Starting Servlet engine: [Apache Tomcat/10.1.17]
2025-05-20 17:23:04 [main] INFO  o.a.c.c.C.[Tomcat-1].[localhost].[/] - Initializing Spring embedded WebApplicationContext
2025-05-20 17:23:04 [main] INFO  o.s.b.w.s.c.ServletWebServerApplicationContext - Root WebApplicationContext: initialization completed in 732 ms
2025-05-20 17:23:04 [main] TRACE o.s.w.s.m.m.a.RequestMappingHandlerMapping - 
	c.s.s.c.ShortlinkController:
	{POST [/api/encode]}: encodeUrl(EncodeRequest)
	{POST [/api/decode]}: decodeUrl(DecodeRequest)
	{GET [/api/stats]}: getStats()
	{GET [/api/health]}: health()
2025-05-20 17:23:04 [main] TRACE o.s.w.s.m.m.a.RequestMappingHandlerMapping - 
	o.s.b.a.w.s.e.BasicErrorController:
	{ [/error]}: error(HttpServletRequest)
	{ [/error], produces [text/html]}: errorHtml(HttpServletRequest,HttpServletResponse)
2025-05-20 17:23:04 [main] DEBUG o.s.w.s.m.m.a.RequestMappingHandlerMapping - 6 mappings in 'requestMappingHandlerMapping'
2025-05-20 17:23:04 [main] INFO  o.s.b.a.e.web.EndpointLinksResolver - Exposing 3 endpoint(s) beneath base path '/actuator'
2025-05-20 17:23:04 [main] INFO  o.s.b.w.e.tomcat.TomcatWebServer - Tomcat started on port 64146 (http) with context path ''
2025-05-20 17:23:04 [main] INFO  c.s.s.c.ConcurrencyControlTest - Started ConcurrencyControlTest in 1.167 seconds (process running for 9.232)
2025-05-20 17:23:04 [http-nio-auto-2-exec-7] INFO  o.a.c.c.C.[Tomcat-1].[localhost].[/] - Initializing Spring DispatcherServlet 'dispatcherServlet'
2025-05-20 17:23:04 [http-nio-auto-2-exec-7] INFO  o.s.web.servlet.DispatcherServlet - Initializing Servlet 'dispatcherServlet'
2025-05-20 17:23:04 [http-nio-auto-2-exec-7] INFO  o.s.web.servlet.DispatcherServlet - Completed initialization in 3 ms
2025-05-20 17:23:04 [http-nio-auto-2-exec-5] TRACE o.s.w.s.m.m.a.RequestMappingHandlerMapping - Mapped to com.solventum.shortlink.controller.ShortlinkController#health()
2025-05-20 17:23:04 [http-nio-auto-2-exec-6] TRACE o.s.w.s.m.m.a.RequestMappingHandlerMapping - Mapped to com.solventum.shortlink.controller.ShortlinkController#health()
2025-05-20 17:23:04 [http-nio-auto-2-exec-3] TRACE o.s.w.s.m.m.a.RequestMappingHandlerMapping - Mapped to com.solventum.shortlink.controller.ShortlinkController#health()
2025-05-20 17:23:04 [http-nio-auto-2-exec-9] TRACE o.s.w.s.m.m.a.RequestMappingHandlerMapping - Mapped to com.solventum.shortlink.controller.ShortlinkController#health()
2025-05-20 17:23:04 [http-nio-auto-2-exec-4] TRACE o.s.w.s.m.m.a.RequestMappingHandlerMapping - Mapped to com.solventum.shortlink.controller.ShortlinkController#health()
2025-05-20 17:23:04 [http-nio-auto-2-exec-7] TRACE o.s.w.s.m.m.a.RequestMappingHandlerMapping - Mapped to com.solventum.shortlink.controller.ShortlinkController#health()
2025-05-20 17:23:04 [http-nio-auto-2-exec-2] TRACE o.s.w.s.m.m.a.RequestMappingHandlerMapping - Mapped to com.solventum.shortlink.controller.ShortlinkController#health()
2025-05-20 17:23:04 [http-nio-auto-2-exec-1] TRACE o.s.w.s.m.m.a.RequestMappingHandlerMapping - Mapped to com.solventum.shortlink.controller.ShortlinkController#health()
2025-05-20 17:23:04 [http-nio-auto-2-exec-10] TRACE o.s.w.s.m.m.a.RequestMappingHandlerMapping - Mapped to com.solventum.shortlink.controller.ShortlinkController#health()
2025-05-20 17:23:04 [http-nio-auto-2-exec-8] TRACE o.s.w.s.m.m.a.RequestMappingHandlerMapping - Mapped to com.solventum.shortlink.controller.ShortlinkController#health()
]]></system-out>
  </testcase>
  <testcase name="testConcurrencyLimitForDecode" classname="com.solventum.shortlink.controller.ConcurrencyControlTest" time="0.178">
    <system-out><![CDATA[2025-05-20 17:23:04 [http-nio-auto-2-exec-4] TRACE o.s.w.s.m.m.a.RequestMappingHandlerMapping - Mapped to com.solventum.shortlink.controller.ShortlinkController#decodeUrl(DecodeRequest)
2025-05-20 17:23:04 [http-nio-auto-2-exec-1] TRACE o.s.w.s.m.m.a.RequestMappingHandlerMapping - Mapped to com.solventum.shortlink.controller.ShortlinkController#decodeUrl(DecodeRequest)
2025-05-20 17:23:04 [http-nio-auto-2-exec-5] TRACE o.s.w.s.m.m.a.RequestMappingHandlerMapping - Mapped to com.solventum.shortlink.controller.ShortlinkController#decodeUrl(DecodeRequest)
2025-05-20 17:23:04 [http-nio-auto-2-exec-3] TRACE o.s.w.s.m.m.a.RequestMappingHandlerMapping - Mapped to com.solventum.shortlink.controller.ShortlinkController#decodeUrl(DecodeRequest)
2025-05-20 17:23:04 [http-nio-auto-2-exec-6] TRACE o.s.w.s.m.m.a.RequestMappingHandlerMapping - Mapped to com.solventum.shortlink.controller.ShortlinkController#decodeUrl(DecodeRequest)
2025-05-20 17:23:04 [http-nio-auto-2-exec-10] TRACE o.s.w.s.m.m.a.RequestMappingHandlerMapping - Mapped to com.solventum.shortlink.controller.ShortlinkController#decodeUrl(DecodeRequest)
2025-05-20 17:23:04 [http-nio-auto-2-exec-7] TRACE o.s.w.s.m.m.a.RequestMappingHandlerMapping - Mapped to com.solventum.shortlink.controller.ShortlinkController#decodeUrl(DecodeRequest)
2025-05-20 17:23:04 [http-nio-auto-2-exec-9] TRACE o.s.w.s.m.m.a.RequestMappingHandlerMapping - Mapped to com.solventum.shortlink.controller.ShortlinkController#decodeUrl(DecodeRequest)
2025-05-20 17:23:04 [http-nio-auto-2-exec-4] DEBUG c.s.s.controller.ShortlinkController - Acquired permit, processing request. Available permits: 1
2025-05-20 17:23:04 [http-nio-auto-2-exec-10] DEBUG c.s.s.controller.ShortlinkController - Acquired permit, processing request. Available permits: 0
2025-05-20 17:23:04 [http-nio-auto-2-exec-3] WARN  c.s.s.controller.ShortlinkController - Request rejected - service is busy. Available permits: 0
2025-05-20 17:23:04 [http-nio-auto-2-exec-6] DEBUG c.s.s.controller.ShortlinkController - Acquired permit, processing request. Available permits: 1
2025-05-20 17:23:04 [http-nio-auto-2-exec-6] INFO  c.s.s.controller.ShortlinkController - Received decode request for short URL: http://short.est/d
2025-05-20 17:23:04 [http-nio-auto-2-exec-4] INFO  c.s.s.controller.ShortlinkController - Received decode request for short URL: http://short.est/b
2025-05-20 17:23:04 [http-nio-auto-2-exec-6] DEBUG c.s.s.controller.ShortlinkController - Decode successful, returning response: DecodeResponse{originalUrl='https://test3.com', shortUrl='http://short.est/d', timestamp=1747786984918}
2025-05-20 17:23:04 [http-nio-auto-2-exec-10] INFO  c.s.s.controller.ShortlinkController - Received decode request for short URL: http://short.est/c
2025-05-20 17:23:04 [http-nio-auto-2-exec-5] WARN  c.s.s.controller.ShortlinkController - Request rejected - service is busy. Available permits: 0
2025-05-20 17:23:04 [http-nio-auto-2-exec-4] DEBUG c.s.s.controller.ShortlinkController - Decode successful, returning response: DecodeResponse{originalUrl='https://test1.com', shortUrl='http://short.est/b', timestamp=1747786984918}
2025-05-20 17:23:04 [http-nio-auto-2-exec-6] DEBUG c.s.s.controller.ShortlinkController - Released permit. Available permits: 1
2025-05-20 17:23:04 [http-nio-auto-2-exec-10] DEBUG c.s.s.controller.ShortlinkController - Decode successful, returning response: DecodeResponse{originalUrl='https://test2.com', shortUrl='http://short.est/c', timestamp=1747786984919}
2025-05-20 17:23:04 [http-nio-auto-2-exec-10] DEBUG c.s.s.controller.ShortlinkController - Released permit. Available permits: 3
2025-05-20 17:23:04 [http-nio-auto-2-exec-4] DEBUG c.s.s.controller.ShortlinkController - Released permit. Available permits: 2
2025-05-20 17:23:04 [http-nio-auto-2-exec-1] DEBUG c.s.s.controller.ShortlinkController - Acquired permit, processing request. Available permits: 2
2025-05-20 17:23:04 [http-nio-auto-2-exec-7] DEBUG c.s.s.controller.ShortlinkController - Acquired permit, processing request. Available permits: 1
2025-05-20 17:23:04 [http-nio-auto-2-exec-1] INFO  c.s.s.controller.ShortlinkController - Received decode request for short URL: http://short.est/b
2025-05-20 17:23:04 [http-nio-auto-2-exec-7] INFO  c.s.s.controller.ShortlinkController - Received decode request for short URL: http://short.est/c
2025-05-20 17:23:04 [http-nio-auto-2-exec-1] DEBUG c.s.s.controller.ShortlinkController - Decode successful, returning response: DecodeResponse{originalUrl='https://test1.com', shortUrl='http://short.est/b', timestamp=1747786984940}
2025-05-20 17:23:04 [http-nio-auto-2-exec-7] DEBUG c.s.s.controller.ShortlinkController - Decode successful, returning response: DecodeResponse{originalUrl='https://test2.com', shortUrl='http://short.est/c', timestamp=1747786984940}
2025-05-20 17:23:04 [http-nio-auto-2-exec-1] DEBUG c.s.s.controller.ShortlinkController - Released permit. Available permits: 2
2025-05-20 17:23:04 [http-nio-auto-2-exec-7] DEBUG c.s.s.controller.ShortlinkController - Released permit. Available permits: 3
2025-05-20 17:23:04 [http-nio-auto-2-exec-9] DEBUG c.s.s.controller.ShortlinkController - Acquired permit, processing request. Available permits: 2
2025-05-20 17:23:04 [http-nio-auto-2-exec-9] INFO  c.s.s.controller.ShortlinkController - Received decode request for short URL: http://short.est/c
2025-05-20 17:23:04 [http-nio-auto-2-exec-9] DEBUG c.s.s.controller.ShortlinkController - Decode successful, returning response: DecodeResponse{originalUrl='https://test2.com', shortUrl='http://short.est/c', timestamp=1747786984967}
2025-05-20 17:23:04 [http-nio-auto-2-exec-9] DEBUG c.s.s.controller.ShortlinkController - Released permit. Available permits: 3
Decode results: 6 successful, 2 rejected
]]></system-out>
  </testcase>
  <testcase name="testSequentialRequestsAllSucceed" classname="com.solventum.shortlink.controller.ConcurrencyControlTest" time="0.064">
    <system-out><![CDATA[2025-05-20 17:23:04 [http-nio-auto-2-exec-3] TRACE o.s.w.s.m.m.a.RequestMappingHandlerMapping - Mapped to com.solventum.shortlink.controller.ShortlinkController#encodeUrl(EncodeRequest)
2025-05-20 17:23:05 [http-nio-auto-2-exec-3] DEBUG c.s.s.controller.ShortlinkController - Acquired permit, processing request. Available permits: 2
2025-05-20 17:23:05 [http-nio-auto-2-exec-3] INFO  c.s.s.controller.ShortlinkController - Received encode request for URL: https://sequential1.com
2025-05-20 17:23:05 [http-nio-auto-2-exec-3] DEBUG c.s.s.controller.ShortlinkController - Encode successful, returning response: EncodeResponse{shortUrl='http://short.est/e', originalUrl='https://sequential1.com', timestamp=1747786985001}
2025-05-20 17:23:05 [http-nio-auto-2-exec-3] DEBUG c.s.s.controller.ShortlinkController - Released permit. Available permits: 3
2025-05-20 17:23:05 [http-nio-auto-2-exec-6] TRACE o.s.w.s.m.m.a.RequestMappingHandlerMapping - Mapped to com.solventum.shortlink.controller.ShortlinkController#encodeUrl(EncodeRequest)
2025-05-20 17:23:05 [http-nio-auto-2-exec-6] DEBUG c.s.s.controller.ShortlinkController - Acquired permit, processing request. Available permits: 2
2025-05-20 17:23:05 [http-nio-auto-2-exec-6] INFO  c.s.s.controller.ShortlinkController - Received encode request for URL: https://sequential2.com
2025-05-20 17:23:05 [http-nio-auto-2-exec-6] DEBUG c.s.s.controller.ShortlinkController - Encode successful, returning response: EncodeResponse{shortUrl='http://short.est/f', originalUrl='https://sequential2.com', timestamp=1747786985013}
2025-05-20 17:23:05 [http-nio-auto-2-exec-6] DEBUG c.s.s.controller.ShortlinkController - Released permit. Available permits: 3
2025-05-20 17:23:05 [http-nio-auto-2-exec-10] TRACE o.s.w.s.m.m.a.RequestMappingHandlerMapping - Mapped to com.solventum.shortlink.controller.ShortlinkController#encodeUrl(EncodeRequest)
2025-05-20 17:23:05 [http-nio-auto-2-exec-10] DEBUG c.s.s.controller.ShortlinkController - Acquired permit, processing request. Available permits: 2
2025-05-20 17:23:05 [http-nio-auto-2-exec-10] INFO  c.s.s.controller.ShortlinkController - Received encode request for URL: https://sequential3.com
2025-05-20 17:23:05 [http-nio-auto-2-exec-10] DEBUG c.s.s.controller.ShortlinkController - Encode successful, returning response: EncodeResponse{shortUrl='http://short.est/g', originalUrl='https://sequential3.com', timestamp=1747786985023}
2025-05-20 17:23:05 [http-nio-auto-2-exec-10] DEBUG c.s.s.controller.ShortlinkController - Released permit. Available permits: 3
2025-05-20 17:23:05 [http-nio-auto-2-exec-4] TRACE o.s.w.s.m.m.a.RequestMappingHandlerMapping - Mapped to com.solventum.shortlink.controller.ShortlinkController#encodeUrl(EncodeRequest)
2025-05-20 17:23:05 [http-nio-auto-2-exec-4] DEBUG c.s.s.controller.ShortlinkController - Acquired permit, processing request. Available permits: 2
2025-05-20 17:23:05 [http-nio-auto-2-exec-4] INFO  c.s.s.controller.ShortlinkController - Received encode request for URL: https://sequential4.com
2025-05-20 17:23:05 [http-nio-auto-2-exec-4] DEBUG c.s.s.controller.ShortlinkController - Encode successful, returning response: EncodeResponse{shortUrl='http://short.est/h', originalUrl='https://sequential4.com', timestamp=1747786985031}
2025-05-20 17:23:05 [http-nio-auto-2-exec-4] DEBUG c.s.s.controller.ShortlinkController - Released permit. Available permits: 3
2025-05-20 17:23:05 [http-nio-auto-2-exec-8] TRACE o.s.w.s.m.m.a.RequestMappingHandlerMapping - Mapped to com.solventum.shortlink.controller.ShortlinkController#encodeUrl(EncodeRequest)
2025-05-20 17:23:05 [http-nio-auto-2-exec-8] DEBUG c.s.s.controller.ShortlinkController - Acquired permit, processing request. Available permits: 2
2025-05-20 17:23:05 [http-nio-auto-2-exec-8] INFO  c.s.s.controller.ShortlinkController - Received encode request for URL: https://sequential5.com
2025-05-20 17:23:05 [http-nio-auto-2-exec-8] DEBUG c.s.s.controller.ShortlinkController - Encode successful, returning response: EncodeResponse{shortUrl='http://short.est/i', originalUrl='https://sequential5.com', timestamp=1747786985042}
2025-05-20 17:23:05 [http-nio-auto-2-exec-8] DEBUG c.s.s.controller.ShortlinkController - Released permit. Available permits: 3
]]></system-out>
  </testcase>
  <testcase name="testConcurrencyLimitEnforce" classname="com.solventum.shortlink.controller.ConcurrencyControlTest" time="0.066">
    <system-out><![CDATA[2025-05-20 17:23:05 [http-nio-auto-2-exec-2] TRACE o.s.w.s.m.m.a.RequestMappingHandlerMapping - Mapped to com.solventum.shortlink.controller.ShortlinkController#encodeUrl(EncodeRequest)
2025-05-20 17:23:05 [http-nio-auto-2-exec-1] TRACE o.s.w.s.m.m.a.RequestMappingHandlerMapping - Mapped to com.solventum.shortlink.controller.ShortlinkController#encodeUrl(EncodeRequest)
2025-05-20 17:23:05 [http-nio-auto-2-exec-1] DEBUG c.s.s.controller.ShortlinkController - Acquired permit, processing request. Available permits: 2
2025-05-20 17:23:05 [http-nio-auto-2-exec-7] TRACE o.s.w.s.m.m.a.RequestMappingHandlerMapping - Mapped to com.solventum.shortlink.controller.ShortlinkController#encodeUrl(EncodeRequest)
2025-05-20 17:23:05 [http-nio-auto-2-exec-2] DEBUG c.s.s.controller.ShortlinkController - Acquired permit, processing request. Available permits: 1
2025-05-20 17:23:05 [http-nio-auto-2-exec-5] TRACE o.s.w.s.m.m.a.RequestMappingHandlerMapping - Mapped to com.solventum.shortlink.controller.ShortlinkController#encodeUrl(EncodeRequest)
2025-05-20 17:23:05 [http-nio-auto-2-exec-6] TRACE o.s.w.s.m.m.a.RequestMappingHandlerMapping - Mapped to com.solventum.shortlink.controller.ShortlinkController#encodeUrl(EncodeRequest)
2025-05-20 17:23:05 [http-nio-auto-2-exec-2] INFO  c.s.s.controller.ShortlinkController - Received encode request for URL: https://example6.com
2025-05-20 17:23:05 [http-nio-auto-2-exec-8] TRACE o.s.w.s.m.m.a.RequestMappingHandlerMapping - Mapped to com.solventum.shortlink.controller.ShortlinkController#encodeUrl(EncodeRequest)
2025-05-20 17:23:05 [http-nio-auto-2-exec-2] DEBUG c.s.s.controller.ShortlinkController - Encode successful, returning response: EncodeResponse{shortUrl='http://short.est/j', originalUrl='https://example6.com', timestamp=1747786985068}
2025-05-20 17:23:05 [http-nio-auto-2-exec-10] TRACE o.s.w.s.m.m.a.RequestMappingHandlerMapping - Mapped to com.solventum.shortlink.controller.ShortlinkController#encodeUrl(EncodeRequest)
2025-05-20 17:23:05 [http-nio-auto-2-exec-9] TRACE o.s.w.s.m.m.a.RequestMappingHandlerMapping - Mapped to com.solventum.shortlink.controller.ShortlinkController#encodeUrl(EncodeRequest)
2025-05-20 17:23:05 [http-nio-auto-2-exec-2] DEBUG c.s.s.controller.ShortlinkController - Released permit. Available permits: 2
2025-05-20 17:23:05 [http-nio-auto-2-exec-1] INFO  c.s.s.controller.ShortlinkController - Received encode request for URL: https://example3.com
2025-05-20 17:23:05 [http-nio-auto-2-exec-7] DEBUG c.s.s.controller.ShortlinkController - Acquired permit, processing request. Available permits: 1
2025-05-20 17:23:05 [http-nio-auto-2-exec-3] TRACE o.s.w.s.m.m.a.RequestMappingHandlerMapping - Mapped to com.solventum.shortlink.controller.ShortlinkController#encodeUrl(EncodeRequest)
2025-05-20 17:23:05 [http-nio-auto-2-exec-5] WARN  c.s.s.controller.ShortlinkController - Request rejected - service is busy. Available permits: 0
2025-05-20 17:23:05 [http-nio-auto-2-exec-6] DEBUG c.s.s.controller.ShortlinkController - Acquired permit, processing request. Available permits: 0
2025-05-20 17:23:05 [http-nio-auto-2-exec-9] WARN  c.s.s.controller.ShortlinkController - Request rejected - service is busy. Available permits: 0
2025-05-20 17:23:05 [http-nio-auto-2-exec-3] WARN  c.s.s.controller.ShortlinkController - Request rejected - service is busy. Available permits: 0
2025-05-20 17:23:05 [http-nio-auto-2-exec-6] INFO  c.s.s.controller.ShortlinkController - Received encode request for URL: https://example7.com
2025-05-20 17:23:05 [http-nio-auto-2-exec-10] WARN  c.s.s.controller.ShortlinkController - Request rejected - service is busy. Available permits: 0
2025-05-20 17:23:05 [http-nio-auto-2-exec-7] INFO  c.s.s.controller.ShortlinkController - Received encode request for URL: https://example5.com
2025-05-20 17:23:05 [http-nio-auto-2-exec-7] DEBUG c.s.s.controller.ShortlinkController - Encode successful, returning response: EncodeResponse{shortUrl='http://short.est/m', originalUrl='https://example5.com', timestamp=1747786985089}
2025-05-20 17:23:05 [http-nio-auto-2-exec-7] DEBUG c.s.s.controller.ShortlinkController - Released permit. Available permits: 1
2025-05-20 17:23:05 [http-nio-auto-2-exec-1] DEBUG c.s.s.controller.ShortlinkController - Encode successful, returning response: EncodeResponse{shortUrl='http://short.est/k', originalUrl='https://example3.com', timestamp=1747786985072}
2025-05-20 17:23:05 [http-nio-auto-2-exec-8] WARN  c.s.s.controller.ShortlinkController - Request rejected - service is busy. Available permits: 0
2025-05-20 17:23:05 [http-nio-auto-2-exec-4] TRACE o.s.w.s.m.m.a.RequestMappingHandlerMapping - Mapped to com.solventum.shortlink.controller.ShortlinkController#encodeUrl(EncodeRequest)
2025-05-20 17:23:05 [http-nio-auto-2-exec-6] DEBUG c.s.s.controller.ShortlinkController - Encode successful, returning response: EncodeResponse{shortUrl='http://short.est/l', originalUrl='https://example7.com', timestamp=1747786985080}
2025-05-20 17:23:05 [http-nio-auto-2-exec-1] DEBUG c.s.s.controller.ShortlinkController - Released permit. Available permits: 2
2025-05-20 17:23:05 [http-nio-auto-2-exec-6] DEBUG c.s.s.controller.ShortlinkController - Released permit. Available permits: 3
2025-05-20 17:23:05 [http-nio-auto-2-exec-4] DEBUG c.s.s.controller.ShortlinkController - Acquired permit, processing request. Available permits: 2
2025-05-20 17:23:05 [http-nio-auto-2-exec-4] INFO  c.s.s.controller.ShortlinkController - Received encode request for URL: https://example8.com
2025-05-20 17:23:05 [http-nio-auto-2-exec-4] DEBUG c.s.s.controller.ShortlinkController - Encode successful, returning response: EncodeResponse{shortUrl='http://short.est/n', originalUrl='https://example8.com', timestamp=1747786985095}
2025-05-20 17:23:05 [http-nio-auto-2-exec-4] DEBUG c.s.s.controller.ShortlinkController - Released permit. Available permits: 3
Results: 5 successful, 5 rejected, 0 errors
]]></system-out>
  </testcase>
</testsuite>